<?xml version="1.0" encoding="UTF-8"?>
<!-- Generated by org.testng.reporters.JUnitXMLReporter -->
<testsuite ignored="0" hostname="Mani" failures="1" tests="7" name="Test" time="41.058" errors="0" timestamp="16 May 2022 11:50:30 GMT">
  <testcase classname="com.recruitment.testCases.TC_Index_01" name="verifyLogo" time="0.077"/>
  <testcase classname="com.recruitment.testCases.TC_Index_01" name="verifyTitle" time="0.009"/>
  <testcase classname="com.recruitment.testCases.TC_Login_02" name="loginTest" time="10.412"/>
  <testcase classname="com.recruitment.testCases.LoginDDT_03" name="loginDDT" time="2.575">
    <failure type="java.lang.AssertionError" message="expected [true] but found [false]">
      <![CDATA[java.lang.AssertionError: expected [true] but found [false]
at com.recruitment.testCases.LoginDDT_03.loginDDT(LoginDDT_03.java:46)
... Removed 29 stack frames]]>
    </failure>
  </testcase> <!-- loginDDT -->
  <testcase classname="com.recruitment.testCases.LoginDDT_03" name="loginDDT" time="9.864"/>
  <testcase classname="com.recruitment.testCases.TC_SearchBox_04" name="search" time="1.729"/>
  <testcase classname="com.recruitment.testCases.TC_SearchBox_04" name="search" time="3.045"/>
</testsuite> <!-- Test -->
